[0.022s] Invoking command in '/home/rahul/ros2_ws/build/amr_pkg': CMAKE_PREFIX_PATH=/home/rahul/ros2_ws/install/interfaces:/home/rahul/ros2_ws/install/amr_pkg:/opt/ros/humble /usr/bin/cmake --build /home/rahul/ros2_ws/build/amr_pkg -- -j6 -l6
[0.087s] [35m[1mConsolidate compiler generated dependencies of target orderoptimizer[0m
[0.118s] [ 50%] [32mBuilding CXX object CMakeFiles/orderoptimizer.dir/src/OrderOptimizer.cpp.o[0m
[3.990s] In file included from [01m[K/opt/ros/humble/include/rclcpp/rclcpp/logging.hpp:24[m[K,
[3.990s]                  from [01m[K/opt/ros/humble/include/rclcpp/rclcpp/client.hpp:40[m[K,
[3.990s]                  from [01m[K/opt/ros/humble/include/rclcpp/rclcpp/callback_group.hpp:24[m[K,
[3.990s]                  from [01m[K/opt/ros/humble/include/rclcpp/rclcpp/any_executable.hpp:20[m[K,
[3.991s]                  from [01m[K/opt/ros/humble/include/rclcpp/rclcpp/memory_strategy.hpp:25[m[K,
[3.991s]                  from [01m[K/opt/ros/humble/include/rclcpp/rclcpp/memory_strategies.hpp:18[m[K,
[3.991s]                  from [01m[K/opt/ros/humble/include/rclcpp/rclcpp/executor_options.hpp:20[m[K,
[3.991s]                  from [01m[K/opt/ros/humble/include/rclcpp/rclcpp/executor.hpp:37[m[K,
[3.991s]                  from [01m[K/opt/ros/humble/include/rclcpp/rclcpp/executors/multi_threaded_executor.hpp:25[m[K,
[3.991s]                  from [01m[K/opt/ros/humble/include/rclcpp/rclcpp/executors.hpp:21[m[K,
[3.991s]                  from [01m[K/opt/ros/humble/include/rclcpp/rclcpp/rclcpp.hpp:155[m[K,
[3.991s]                  from [01m[K/home/rahul/ros2_ws/src/amr_pkg/src/OrderOptimizer.cpp:1[m[K:
[3.991s] [01m[K/home/rahul/ros2_ws/src/amr_pkg/src/OrderOptimizer.cpp:[m[K In member function â€˜[01m[Kvoid OrderOptimizerNode::searchOrderInFiles(uint32_t, const string&)[m[Kâ€™:
[3.991s] [01m[K/home/rahul/ros2_ws/src/amr_pkg/src/OrderOptimizer.cpp:75:49:[m[K [01;35m[Kwarning: [m[Kformat â€˜[01m[K%s[m[Kâ€™ expects argument of type â€˜[01m[Kchar*[m[Kâ€™, but argument 5 has type â€˜[01m[Kstd::string[m[Kâ€™ {aka â€˜[01m[Kstd::__cxx11::basic_string<char>[m[Kâ€™} [[01;35m[K]8;;https://gcc.gnu.org/onlinedocs/gcc/Warning-Options.html#index-Wformat=-Wformat=]8;;[m[K]
[3.991s]    75 |                 RCLCPP_WARN(this->get_logger(), [01;35m[K"Failed to open file: %s"[m[K, [32m[KnormalizePath(entry.path().c_str())[m[K);
[3.991s]       |                                                 [01;35m[K^~~~~~~~~~~~~~~~~~~~~~~~~[m[K  [32m[K~~~~~~~~~~~~~~~~~~~~~~~~~~~~~~~~~~~[m[K
[3.991s]       |                                                                                         [32m[K|[m[K
[3.991s]       |                                                                                         [32m[Kstd::string {aka std::__cxx11::basic_string<char>}[m[K
[3.991s] [01m[K/home/rahul/ros2_ws/src/amr_pkg/src/OrderOptimizer.cpp:75:72:[m[K [01;36m[Knote: [m[Kformat string is defined here
[3.992s]    75 |      RCLCPP_WARN(this->get_logger(), "Failed to open file: [01;36m[K%s[m[K", normalizePath(entry.path().c_str()));
[3.992s]       |                                                            [01;36m[K~^[m[K
[3.992s]       |                                                             [01;36m[K|[m[K
[3.992s]       |                                                             [01;36m[Kchar*[m[K
[3.992s] 
[17.199s] [100%] [32m[1mLinking CXX executable orderoptimizer[0m
[18.358s] /usr/bin/ld: CMakeFiles/orderoptimizer.dir/src/OrderOptimizer.cpp.o: in function `OrderOptimizerNode::searchOrderInFiles(unsigned int, std::__cxx11::basic_string<char, std::char_traits<char>, std::allocator<char> > const&)':
[18.359s] OrderOptimizer.cpp:(.text._ZN18OrderOptimizerNode18searchOrderInFilesEjRKNSt7__cxx1112basic_stringIcSt11char_traitsIcESaIcEEE[_ZN18OrderOptimizerNode18searchOrderInFilesEjRKNSt7__cxx1112basic_stringIcSt11char_traitsIcESaIcEEE]+0x525): undefined reference to `YAML::Load(std::istream&)'
[18.454s] collect2: error: ld returned 1 exit status
[18.459s] gmake[2]: *** [CMakeFiles/orderoptimizer.dir/build.make:191: orderoptimizer] Error 1
[18.459s] gmake[1]: *** [CMakeFiles/Makefile2:137: CMakeFiles/orderoptimizer.dir/all] Error 2
[18.459s] gmake: *** [Makefile:146: all] Error 2
[18.464s] Invoked command in '/home/rahul/ros2_ws/build/amr_pkg' returned '2': CMAKE_PREFIX_PATH=/home/rahul/ros2_ws/install/interfaces:/home/rahul/ros2_ws/install/amr_pkg:/opt/ros/humble /usr/bin/cmake --build /home/rahul/ros2_ws/build/amr_pkg -- -j6 -l6
