[0.029s] Invoking command in '/home/rahul/ros2_ws/build/amr_pkg': CMAKE_PREFIX_PATH=/home/rahul/ros2_ws/install/interfaces:/home/rahul/ros2_ws/install/amr_pkg:/opt/ros/humble /usr/bin/cmake --build /home/rahul/ros2_ws/build/amr_pkg -- -j6 -l6
[0.204s] [35m[1mConsolidate compiler generated dependencies of target orderoptimizer[0m
[0.241s] [ 50%] [32mBuilding CXX object CMakeFiles/orderoptimizer.dir/src/OrderOptimizer.cpp.o[0m
[3.748s] [01m[K/home/rahul/ros2_ws/src/amr_pkg/src/OrderOptimizer.cpp:[m[K In member function â€˜[01m[Kvoid OrderOptimizerNode::loadConfiguration(const string&)[m[Kâ€™:
[3.748s] [01m[K/home/rahul/ros2_ws/src/amr_pkg/src/OrderOptimizer.cpp:139:47:[m[K [01;31m[Kerror: [m[Kâ€˜[01m[Kstruct PartInfo[m[Kâ€™ has no member named â€˜[01m[Kcx[m[Kâ€™
[3.748s]   139 |                                     part_info.[01;31m[Kcx[m[K = part_node["cx"].as<double>();
[3.748s]       |                                               [01;31m[K^~[m[K
[3.748s] [01m[K/home/rahul/ros2_ws/src/amr_pkg/src/OrderOptimizer.cpp:140:47:[m[K [01;31m[Kerror: [m[Kâ€˜[01m[Kstruct PartInfo[m[Kâ€™ has no member named â€˜[01m[Kcy[m[Kâ€™
[3.748s]   140 |                                     part_info.[01;31m[Kcy[m[K = part_node["cy"].as<double>();
[3.749s]       |                                               [01;31m[K^~[m[K
[7.175s] gmake[2]: *** [CMakeFiles/orderoptimizer.dir/build.make:76: CMakeFiles/orderoptimizer.dir/src/OrderOptimizer.cpp.o] Error 1
[7.175s] gmake[1]: *** [CMakeFiles/Makefile2:137: CMakeFiles/orderoptimizer.dir/all] Error 2
[7.176s] gmake: *** [Makefile:146: all] Error 2
[7.181s] Invoked command in '/home/rahul/ros2_ws/build/amr_pkg' returned '2': CMAKE_PREFIX_PATH=/home/rahul/ros2_ws/install/interfaces:/home/rahul/ros2_ws/install/amr_pkg:/opt/ros/humble /usr/bin/cmake --build /home/rahul/ros2_ws/build/amr_pkg -- -j6 -l6
