[0.028s] Invoking command in '/home/rahul/ros2_ws/build/amr_pkg': CMAKE_PREFIX_PATH=/home/rahul/ros2_ws/install/interfaces:/home/rahul/ros2_ws/install/amr_pkg:/opt/ros/humble /usr/bin/cmake --build /home/rahul/ros2_ws/build/amr_pkg -- -j6 -l6
[0.132s] [35m[1mConsolidate compiler generated dependencies of target orderoptimizer[0m
[0.166s] [ 50%] [32mBuilding CXX object CMakeFiles/orderoptimizer.dir/src/OrderOptimizer.cpp.o[0m
[4.246s] [01m[K/home/rahul/ros2_ws/src/amr_pkg/src/OrderOptimizer.cpp:[m[K In constructor â€˜[01m[KOrderOptimizerNode::OrderOptimizerNode()[m[Kâ€™:
[4.246s] [01m[K/home/rahul/ros2_ws/src/amr_pkg/src/OrderOptimizer.cpp:26:67:[m[K [01;31m[Kerror: [m[Kâ€˜[01m[KpositionCallback[m[Kâ€™ is not a member of â€˜[01m[KOrderOptimizerNode[m[Kâ€™
[4.246s]    26 |       "currentPosition", 10, std::bind(&OrderOptimizerNode::[01;31m[KpositionCallback[m[K, this, std::placeholders::_2));
[4.246s]       |                                                             [01;31m[K^~~~~~~~~~~~~~~~[m[K
[4.246s] 
[4.259s] [01m[K/home/rahul/ros2_ws/src/amr_pkg/src/OrderOptimizer.cpp:[m[K In member function â€˜[01m[Kvoid OrderOptimizerNode::loadYAMLFiles(const string&, uint32_t)[m[Kâ€™:
[4.259s] [01m[K/home/rahul/ros2_ws/src/amr_pkg/src/OrderOptimizer.cpp:45:63:[m[K [01;35m[Kwarning: [m[Kunused parameter â€˜[01m[Ktarget_order_id[m[Kâ€™ [[01;35m[K]8;;https://gcc.gnu.org/onlinedocs/gcc/Warning-Options.html#index-Wunused-parameter-Wunused-parameter]8;;[m[K]
[4.259s]    45 |   void loadYAMLFiles(const std::string& file_path, [01;35m[Kuint32_t target_order_id[m[K)
[4.260s]       |                                                    [01;35m[K~~~~~~~~~^~~~~~~~~~~~~~~[m[K
[4.260s] 
[8.216s] gmake[2]: *** [CMakeFiles/orderoptimizer.dir/build.make:76: CMakeFiles/orderoptimizer.dir/src/OrderOptimizer.cpp.o] Error 1
[8.218s] gmake[1]: *** [CMakeFiles/Makefile2:137: CMakeFiles/orderoptimizer.dir/all] Error 2
[8.218s] gmake: *** [Makefile:146: all] Error 2
[8.222s] Invoked command in '/home/rahul/ros2_ws/build/amr_pkg' returned '2': CMAKE_PREFIX_PATH=/home/rahul/ros2_ws/install/interfaces:/home/rahul/ros2_ws/install/amr_pkg:/opt/ros/humble /usr/bin/cmake --build /home/rahul/ros2_ws/build/amr_pkg -- -j6 -l6
