[35m[1mConsolidate compiler generated dependencies of target orderoptimizer[0m
[ 50%] [32mBuilding CXX object CMakeFiles/orderoptimizer.dir/src/OrderOptimizer.cpp.o[0m
[01m[K/home/rahul/ros2_ws/src/amr_pkg/src/OrderOptimizer.cpp:[m[K In lambda function:
[01m[K/home/rahul/ros2_ws/src/amr_pkg/src/OrderOptimizer.cpp:145:41:[m[K [01;31m[Kerror: [m[Kâ€˜[01m[Kthis[m[Kâ€™ was not captured for this lambda function
  145 |                                         [01;31m[Kproduct_display_id[m[K = product_id;
      |                                         [01;31m[K^~~~~~~~~~~~~~~~~~[m[K
In file included from [01m[K/opt/ros/humble/include/rclcpp/rclcpp/logging.hpp:24[m[K,
                 from [01m[K/opt/ros/humble/include/rclcpp/rclcpp/client.hpp:40[m[K,
                 from [01m[K/opt/ros/humble/include/rclcpp/rclcpp/callback_group.hpp:24[m[K,
                 from [01m[K/opt/ros/humble/include/rclcpp/rclcpp/any_executable.hpp:20[m[K,
                 from [01m[K/opt/ros/humble/include/rclcpp/rclcpp/memory_strategy.hpp:25[m[K,
                 from [01m[K/opt/ros/humble/include/rclcpp/rclcpp/memory_strategies.hpp:18[m[K,
                 from [01m[K/opt/ros/humble/include/rclcpp/rclcpp/executor_options.hpp:20[m[K,
                 from [01m[K/opt/ros/humble/include/rclcpp/rclcpp/executor.hpp:37[m[K,
                 from [01m[K/opt/ros/humble/include/rclcpp/rclcpp/executors/multi_threaded_executor.hpp:25[m[K,
                 from [01m[K/opt/ros/humble/include/rclcpp/rclcpp/executors.hpp:21[m[K,
                 from [01m[K/opt/ros/humble/include/rclcpp/rclcpp/rclcpp.hpp:155[m[K,
                 from [01m[K/home/rahul/ros2_ws/src/amr_pkg/src/OrderOptimizer.cpp:1[m[K:
[01m[K/home/rahul/ros2_ws/src/amr_pkg/src/OrderOptimizer.cpp:[m[K In member function â€˜[01m[Kvoid OrderOptimizerNode::printPathDescription(uint32_t, const std::vector<PartInfo>&)[m[Kâ€™:
[01m[K/home/rahul/ros2_ws/src/amr_pkg/src/OrderOptimizer.cpp:292:41:[m[K [01;35m[Kwarning: [m[Kformat â€˜[01m[K%s[m[Kâ€™ expects argument of type â€˜[01m[Kchar*[m[Kâ€™, but argument 6 has type â€˜[01m[Kstd::string[m[Kâ€™ {aka â€˜[01m[Kstd::__cxx11::basic_string<char>[m[Kâ€™} [[01;35m[K]8;;https://gcc.gnu.org/onlinedocs/gcc/Warning-Options.html#index-Wformat=-Wformat=]8;;[m[K]
  292 |         RCLCPP_INFO(this->get_logger(), [01;35m[K"Working on order %u, %s"[m[K, order_id, order_description);
      |                                         [01;35m[K^~~~~~~~~~~~~~~~~~~~~~~~~[m[K
[01m[K/home/rahul/ros2_ws/src/amr_pkg/src/OrderOptimizer.cpp:292:64:[m[K [01;36m[Knote: [m[Kformat string is defined here
  292 |         RCLCPP_INFO(this->get_logger(), "Working on order %u, [01;36m[K%s[m[K", order_id, order_description);
      |                                                               [01;36m[K~^[m[K
      |                                                                [01;36m[K|[m[K
      |                                                                [01;36m[Kchar*[m[K
/home/rahul/ros2_ws/src/amr_pkg/src/OrderOptimizer.cpp: In instantiation of â€˜[01m[KOrderOptimizerNode::processFile(const string&, uint32_t)::<lambda(const auto:40&)> [with auto:40 = std::pair<const std::__cxx11::basic_string<char>, ProductInfo>][m[Kâ€™:
[01m[K/usr/include/c++/11/bits/predefined_ops.h:318:23:[m[K   required from â€˜[01m[Kbool __gnu_cxx::__ops::_Iter_pred<_Predicate>::operator()(_Iterator) [with _Iterator = std::_Rb_tree_iterator<std::pair<const std::__cxx11::basic_string<char>, ProductInfo> >; _Predicate = OrderOptimizerNode::processFile(const string&, uint32_t)::<lambda(const auto:40&)>][m[Kâ€™
[01m[K/usr/include/c++/11/bits/stl_algobase.h:2052:42:[m[K   required from â€˜[01m[K_InputIterator std::__find_if(_InputIterator, _InputIterator, _Predicate, std::input_iterator_tag) [with _InputIterator = std::_Rb_tree_iterator<std::pair<const std::__cxx11::basic_string<char>, ProductInfo> >; _Predicate = __gnu_cxx::__ops::_Iter_pred<OrderOptimizerNode::processFile(const string&, uint32_t)::<lambda(const auto:40&)> >][m[Kâ€™
[01m[K/usr/include/c++/11/bits/stl_algobase.h:2114:23:[m[K   required from â€˜[01m[K_Iterator std::__find_if(_Iterator, _Iterator, _Predicate) [with _Iterator = std::_Rb_tree_iterator<std::pair<const std::__cxx11::basic_string<char>, ProductInfo> >; _Predicate = __gnu_cxx::__ops::_Iter_pred<OrderOptimizerNode::processFile(const string&, uint32_t)::<lambda(const auto:40&)> >][m[Kâ€™
[01m[K/usr/include/c++/11/bits/stl_algo.h:3910:28:[m[K   required from â€˜[01m[K_IIter std::find_if(_IIter, _IIter, _Predicate) [with _IIter = std::_Rb_tree_iterator<std::pair<const std::__cxx11::basic_string<char>, ProductInfo> >; _Predicate = OrderOptimizerNode::processFile(const string&, uint32_t)::<lambda(const auto:40&)>][m[Kâ€™
[01m[K/home/rahul/ros2_ws/src/amr_pkg/src/OrderOptimizer.cpp:143:55:[m[K   required from here
[01m[K/home/rahul/ros2_ws/src/amr_pkg/src/OrderOptimizer.cpp:145:41:[m[K [01;31m[Kerror: [m[Kâ€˜[01m[Kthis[m[Kâ€™ was not captured for this lambda function
  145 |                                         [01;31m[Kproduct_display_id[m[K = product_id;
      |                                         [01;31m[K^~~~~~~~~~~~~~~~~~[m[K
[01m[K/home/rahul/ros2_ws/src/amr_pkg/src/OrderOptimizer.cpp:145:41:[m[K [01;31m[Kerror: [m[Kinvalid use of non-static data member â€˜[01m[KOrderOptimizerNode::product_display_id[m[Kâ€™
[01m[K/home/rahul/ros2_ws/src/amr_pkg/src/OrderOptimizer.cpp:309:19:[m[K [01;36m[Knote: [m[Kdeclared here
  309 |     std::uint32_t [01;36m[Kproduct_display_id[m[K;
      |                   [01;36m[K^~~~~~~~~~~~~~~~~~[m[K
gmake[2]: *** [CMakeFiles/orderoptimizer.dir/build.make:76: CMakeFiles/orderoptimizer.dir/src/OrderOptimizer.cpp.o] Error 1
gmake[1]: *** [CMakeFiles/Makefile2:137: CMakeFiles/orderoptimizer.dir/all] Error 2
gmake: *** [Makefile:146: all] Error 2
