[0.020s] Invoking command in '/home/rahul/ros2_ws/build/amr_pkg': CMAKE_PREFIX_PATH=/home/rahul/ros2_ws/install/interfaces:/home/rahul/ros2_ws/install/amr_pkg:/opt/ros/humble /usr/bin/cmake --build /home/rahul/ros2_ws/build/amr_pkg -- -j6 -l6
[0.088s] [35m[1mConsolidate compiler generated dependencies of target orderoptimizer[0m
[0.118s] [ 50%] [32mBuilding CXX object CMakeFiles/orderoptimizer.dir/src/OrderOptimizer.cpp.o[0m
[3.714s] [01m[K/home/rahul/ros2_ws/src/amr_pkg/src/OrderOptimizer.cpp:[m[K In member function â€˜[01m[Kvoid OrderOptimizerNode::searchOrderInFiles(uint32_t, const string&)[m[Kâ€™:
[3.714s] [01m[K/home/rahul/ros2_ws/src/amr_pkg/src/OrderOptimizer.cpp:88:9:[m[K [01;31m[Kerror: [m[Kexpected â€˜[01m[K,[m[Kâ€™ or â€˜[01m[K;[m[Kâ€™ before â€˜[01m[K}[m[Kâ€™ token
[3.714s]    88 |         [01;31m[K}[m[K
[3.714s]       |         [01;31m[K^[m[K
[8.253s] gmake[2]: *** [CMakeFiles/orderoptimizer.dir/build.make:76: CMakeFiles/orderoptimizer.dir/src/OrderOptimizer.cpp.o] Error 1
[8.253s] gmake[1]: *** [CMakeFiles/Makefile2:137: CMakeFiles/orderoptimizer.dir/all] Error 2
[8.254s] gmake: *** [Makefile:146: all] Error 2
[8.258s] Invoked command in '/home/rahul/ros2_ws/build/amr_pkg' returned '2': CMAKE_PREFIX_PATH=/home/rahul/ros2_ws/install/interfaces:/home/rahul/ros2_ws/install/amr_pkg:/opt/ros/humble /usr/bin/cmake --build /home/rahul/ros2_ws/build/amr_pkg -- -j6 -l6
